0 info it worked if it ends with ok
1 verbose cli [ 'C:\\Program Files\\nodejs\\node.exe',
1 verbose cli   'C:\\Program Files\\nodejs\\node_modules\\npm\\bin\\npm-cli.js',
1 verbose cli   'install',
1 verbose cli   '-g',
1 verbose cli   'n' ]
2 info using npm@3.10.10
3 info using node@v6.10.3
4 silly loadCurrentTree Starting
5 silly install loadCurrentTree
6 silly install readGlobalPackageData
7 silly fetchPackageMetaData n
8 silly fetchNamedPackageData n
9 silly mapToRegistry name n
10 silly mapToRegistry using default registry
11 silly mapToRegistry registry https://registry.npmjs.org/
12 silly mapToRegistry data Result {
12 silly mapToRegistry   raw: 'n',
12 silly mapToRegistry   scope: null,
12 silly mapToRegistry   escapedName: 'n',
12 silly mapToRegistry   name: 'n',
12 silly mapToRegistry   rawSpec: '',
12 silly mapToRegistry   spec: 'latest',
12 silly mapToRegistry   type: 'tag' }
13 silly mapToRegistry uri https://registry.npmjs.org/n
14 verbose request uri https://registry.npmjs.org/n
15 verbose request no auth needed
16 info attempt registry request try #1 at 5:38:52 PM
17 verbose request id 923e197087fd909c
18 http request GET https://registry.npmjs.org/n
19 http 200 https://registry.npmjs.org/n
20 verbose headers { date: 'Wed, 30 Jun 2021 15:38:53 GMT',
20 verbose headers   'content-type': 'application/json',
20 verbose headers   'transfer-encoding': 'chunked',
20 verbose headers   connection: 'keep-alive',
20 verbose headers   'cf-ray': '66787bf2293a1bbd-MUC',
20 verbose headers   'cache-control': 'public, max-age=300',
20 verbose headers   etag: 'W/"5ce4f92ab55b6427330a06635d293953"',
20 verbose headers   'last-modified': 'Sun, 06 Jun 2021 07:58:50 GMT',
20 verbose headers   vary: 'accept-encoding, accept',
20 verbose headers   'cf-cache-status': 'HIT',
20 verbose headers   'cf-request-id': '0aff2bcb5d00001bbd37a9e000000001',
20 verbose headers   'expect-ct': 'max-age=604800, report-uri="https://report-uri.cloudflare.com/cdn-cgi/beacon/expect-ct"',
20 verbose headers   server: 'cloudflare',
20 verbose headers   'content-encoding': 'gzip' }
21 silly get cb [ 200,
21 silly get   { date: 'Wed, 30 Jun 2021 15:38:53 GMT',
21 silly get     'content-type': 'application/json',
21 silly get     'transfer-encoding': 'chunked',
21 silly get     connection: 'keep-alive',
21 silly get     'cf-ray': '66787bf2293a1bbd-MUC',
21 silly get     'cache-control': 'public, max-age=300',
21 silly get     etag: 'W/"5ce4f92ab55b6427330a06635d293953"',
21 silly get     'last-modified': 'Sun, 06 Jun 2021 07:58:50 GMT',
21 silly get     vary: 'accept-encoding, accept',
21 silly get     'cf-cache-status': 'HIT',
21 silly get     'cf-request-id': '0aff2bcb5d00001bbd37a9e000000001',
21 silly get     'expect-ct': 'max-age=604800, report-uri="https://report-uri.cloudflare.com/cdn-cgi/beacon/expect-ct"',
21 silly get     server: 'cloudflare',
21 silly get     'content-encoding': 'gzip' } ]
22 verbose get saving n to C:\Users\da_or\AppData\Roaming\npm-cache\registry.npmjs.org\n\.cache.json
23 verbose correctMkdir C:\Users\da_or\AppData\Roaming\npm-cache correctMkdir not in flight; initializing
24 verbose makeDirectory C:\Users\da_or\AppData\Roaming\npm-cache creation not in flight; initializing
25 verbose makeCacheDir UID & GID are irrelevant on win32
26 silly install normalizeTree
27 silly loadCurrentTree Finishing
28 silly loadIdealTree Starting
29 silly install loadIdealTree
30 silly cloneCurrentTree Starting
31 silly install cloneCurrentTreeToIdealTree
32 silly cloneCurrentTree Finishing
33 silly loadShrinkwrap Starting
34 silly install loadShrinkwrap
35 silly loadShrinkwrap Finishing
36 silly loadAllDepsIntoIdealTree Starting
37 silly install loadAllDepsIntoIdealTree
38 silly rollbackFailedOptional Starting
39 silly rollbackFailedOptional Finishing
40 silly runTopLevelLifecycles Finishing
41 silly install printInstalled
42 verbose stack Error: Unsupported platform for n@7.3.0: wanted {"name":"n","description":"Interactively Manage All Your Node Versions","version":"7.3.0","author":{"name":"TJ Holowaychuk","email":"tj@vision-media.ca"},"homepage":"https://github.com/tj/n","bugs":{"url":"https://github.com/tj/n/issues"},"contributors":[{"name":"n Contributors","url":"https://github.com/tj/n/graphs/contributors"}],"keywords":["nvm","node","version","manager","switcher","node","binary","env"],"bin":{"n":"bin/n"},"repository":{"type":"git","url":"git://github.com/tj/n.git"},"scripts":{"test":"test/bin/run-all-tests"},"devDependencies":{"bats":"^1.2.1","bats-assert":"github:bats-core/bats-assert","bats-support":"github:bats-core/bats-support"},"preferGlobal":true,"os":["!win32"],"engines":{"node":"*"},"license":"MIT","gitHead":"d3344c6a5ce7c22fe9d28d8e0966124a94363358","_id":"n@7.3.0","_nodeVersion":"16.3.0","_npmVersion":"7.15.1","dist":{"integrity":"sha512-03mAKraireDCl3tDh3YIbktaZjf8o33r9VDkETpGNlACs3J3xERAwxQUh7uM890z9VUEAlj41uLbRz7kTvvuyA==","shasum":"64f8f0c0554144c3a9587e8514506ecaec33dce5","tarball":"https://registry.npmjs.org/n/-/n-7.3.0.tgz","fileCount":4,"unpackedSize":59714,"npm-signature":"-----BEGIN PGP SIGNATURE-----\r\nVersion: OpenPGP.js v3.0.13\r\nComment: https://openpgpjs.org\r\n\r\nwsFcBAEBCAAQBQJgvIA3CRA9TVsSAnZWagAAXzEP/2vvNL8w1ecoXRsk4n3t\nNLoiEecZbyc0TJti4J0CeqE0SiBLDTpi0qvicNLfUemrUQt/GqY9BKRL0cuf\nC/OE07eR/OykHjcOyvHG/jeAZRrsJa5krF2w7hap/red5h8KWsYthkA7gS5l\n3m3nBkKWOQ8a9X8QacRzkiwVTmuwkdPx2Mr8EG7EOSivcTXibyEQEO52fz2g\neqQx9sFA6rIcYs4eP4KWlgx9hJY3QztuoWyCDWS+zK0WpUOhaKsAiCk8HMto\nx/HPvwTdKRqu+B317OdfH9VS4hn6On2txnmbxqxJJlLVHTHP95RxbJuJseOA\nECa0dfjppwlh0/TXjpFp5bkSPM5WfJdWhfb0qTQE8NCWJW2glpohw3+PHQca\nNt3pAuA71ycvYLyEM5JTzVpWhRE2Sfs4SP6WY9JsvZXG4nXjKkrpuuxGEnVa\nzdnz+mMsoD2u2vU0RqHg/SPub2P7bIv+GFHxYR/LPgB1Sl7NEyw8Q+X+iult\nWqkvwUYsg+wZJ040v9uuYHMyCb5yc3dVlY1hkdg39X/CUSG7nT6/m6ZIWd+K\nozNdCnrBYVQYQ5aP6kcNnSJXl5l4wCXyadovot7fVxS5A0x3NkYIfYjCDQ8Z\nAtjKOoVVFJ7gU33nNMK0SdrwWvpMdcngXZkDIKsmz/6eTHrw3g7X8jNgFiVq\npXoP\r\n=rsG9\r\n-----END PGP SIGNATURE-----\r\n"},"_npmUser":{"name":"shadowspawn","email":"npm_j@ruru.gen.nz"},"directories":{},"maintainers":[{"name":"bat","email":"ben@benatkin.com"},{"name":"tjholowaychuk","email":"tj@vision-media.ca"},{"name":"tjwebb","email":"me@traviswebb.com"},{"name":"qw3rtman","email":"me@nimit.io"},{"name":"troy0820","email":"troy0820@gmail.com"},{"name":"shadowspawn","email":"npm_j@ruru.gen.nz"}],"_npmOperationalInternal":{"host":"s3://npm-registry-packages","tmp":"tmp/n_7.3.0_1622966327180_0.11090098787645752"},"_hasShrinkwrap":false,"_from":"n","_resolved":"https://registry.npmjs.org/n/-/n-7.3.0.tgz","_shasum":"64f8f0c0554144c3a9587e8514506ecaec33dce5","_requested":{"raw":"n","scope":null,"escapedName":"n","name":"n","rawSpec":"","spec":"latest","type":"tag"},"_spec":"n","_where":"C:\\Users\\da_or\\Documents\\GitHub\\LakeEye\\api","_args":[[{"raw":"n","scope":null,"escapedName":"n","name":"n","rawSpec":"","spec":"latest","type":"tag"},"C:\\Users\\da_or\\Documents\\GitHub\\LakeEye\\api"]],"readme":"ERROR: No README data found!"} (current: {"os":"win32","cpu":"x64"})
42 verbose stack     at checkPlatform (C:\Program Files\nodejs\node_modules\npm\node_modules\npm-install-checks\index.js:45:14)
42 verbose stack     at thenWarnEngineIssues (C:\Program Files\nodejs\node_modules\npm\lib\install\validate-args.js:41:5)
42 verbose stack     at C:\Program Files\nodejs\node_modules\npm\node_modules\iferr\index.js:13:50
42 verbose stack     at checkEngine (C:\Program Files\nodejs\node_modules\npm\node_modules\npm-install-checks\index.js:24:10)
42 verbose stack     at module.exports.isInstallable (C:\Program Files\nodejs\node_modules\npm\lib\install\validate-args.js:38:3)
42 verbose stack     at Array.<anonymous> (C:\Program Files\nodejs\node_modules\npm\node_modules\slide\lib\bind-actor.js:15:8)
42 verbose stack     at LOOP (C:\Program Files\nodejs\node_modules\npm\node_modules\slide\lib\chain.js:15:14)
42 verbose stack     at C:\Program Files\nodejs\node_modules\npm\node_modules\slide\lib\chain.js:18:7
42 verbose stack     at checkSelf (C:\Program Files\nodejs\node_modules\npm\lib\install\validate-args.js:46:72)
42 verbose stack     at Array.<anonymous> (C:\Program Files\nodejs\node_modules\npm\node_modules\slide\lib\bind-actor.js:15:8)
43 verbose pkgid n@7.3.0
44 verbose cwd C:\Users\da_or\Documents\GitHub\LakeEye\api
45 error Windows_NT 10.0.19042
46 error argv "C:\\Program Files\\nodejs\\node.exe" "C:\\Program Files\\nodejs\\node_modules\\npm\\bin\\npm-cli.js" "install" "-g" "n"
47 error node v6.10.3
48 error npm  v3.10.10
49 error code EBADPLATFORM
50 error notsup Unsupported platform for n@7.3.0: wanted {"os":"!win32","arch":"any"} (current: {"os":"win32","arch":"x64"})
51 error notsup Valid OS:    !win32
51 error notsup Valid Arch:  any
51 error notsup Actual OS:   win32
51 error notsup Actual Arch: x64
52 verbose exit [ 1, true ]
